<?xml version="1.0" encoding="UTF-8" ?>
<testsuite tests="21" failures="0" name="calc.CalculatorParamsLibTest" time="0.187" errors="0" skipped="0">
  <properties>
[...]
</properties>
  <testcase classname="[0] 12\u002C2\u002C14 (testAddWithCSVMethod)(calc.CalculatorParamsLibTest)" name="[0] 12\u002C2\u002C14 " time="0.003"/>
  <testcase classname="[1] 3\u002C4\u002C7 (testAddWithCSVMethod)(calc.CalculatorParamsLibTest)" name="[1] 3\u002C4\u002C7 " time="0"/>
  <testcase classname="[2] 4\u002C4\u002C8 (testAddWithCSVMethod)(calc.CalculatorParamsLibTest)" name="[2] 4\u002C4\u002C8 " time="0"/>
  <testcase classname="[3] 1\u002C2\u002C3 (testAddWithCSVMethod)(calc.CalculatorParamsLibTest)" name="[3] 1\u002C2\u002C3 " time="0"/>
  <testcase classname="[4] 1\u002C2\u002C3 (testAddWithCSVMethod)(calc.CalculatorParamsLibTest)" name="[4] 1\u002C2\u002C3 " time="0"/>
  <testcase classname="[5] 10\u002C4\u002C14 (testAddWithCSVMethod)(calc.CalculatorParamsLibTest)" name="[5] 10\u002C4\u002C14 " time="0"/>
  <testcase classname="[6] 100\u002C100\u002C200 (testAddWithCSVMethod)(calc.CalculatorParamsLibTest)" name="[6] 100\u002C100\u002C200 " time="0"/>
  <testcase classname="[7] 50\u002C25\u002C75 (testAddWithCSVMethod)(calc.CalculatorParamsLibTest)" name="[7] 50\u002C25\u002C75 " time="0.001"/>
  <testcase classname="[8] 50\u002C25\u002C75 (testAddWithCSVMethod)(calc.CalculatorParamsLibTest)" name="[8] 50\u002C25\u002C75 " time="0.001"/>
  <testcase classname="[9] 30\u002C30\u002C60 (testAddWithCSVMethod)(calc.CalculatorParamsLibTest)" name="[9] 30\u002C30\u002C60 " time="0"/>
  <testcase classname="[10] 0\u002C0\u002C0 (testAddWithCSVMethod)(calc.CalculatorParamsLibTest)" name="[10] 0\u002C0\u002C0 " time="0"/>
  <testcase classname="[11] 2147483646\u002C1\u002C2147483647 (testAddWithCSVMethod)(calc.CalculatorParamsLibTest)" name="[11] 2147483646\u002C1\u002C2147483647 " time="0.001"/>
  <testcase classname="[0] 1\/2\u002C1\/2\u002C1 (testAddFractionWithCSVMethod)(calc.CalculatorParamsLibTest)" name="[0] 1\/2\u002C1\/2\u002C1 " time="0"/>
  <testcase classname="[1] 5.5\u002C4.5\u002C10.0 (testAddFractionWithCSVMethod)(calc.CalculatorParamsLibTest)" name="[1] 5.5\u002C4.5\u002C10.0 " time="0.002"/>
  <testcase classname="[2] 7\/5\u002C3\/4\u002C2 3\/20 (testAddFractionWithCSVMethod)(calc.CalculatorParamsLibTest)" name="[2] 7\/5\u002C3\/4\u002C2 3\/20 " time="0"/>
  <testcase classname="[3] 1\/16\u002C1\/32\u002C3\/32 (testAddFractionWithCSVMethod)(calc.CalculatorParamsLibTest)" name="[3] 1\/16\u002C1\/32\u002C3\/32 " time="0.002"/>
  <testcase classname="[4] 5\/10\u002C7\/10\u002C1 1\/5 (testAddFractionWithCSVMethod)(calc.CalculatorParamsLibTest)" name="[4] 5\/10\u002C7\/10\u002C1 1\/5 " time="0.007"/>
  <testcase classname="[5] 112\/50\u002C127\/25\u002C7 8\/25 (testAddFractionWithCSVMethod)(calc.CalculatorParamsLibTest)" name="[5] 112\/50\u002C127\/25\u002C7 8\/25 " time="0"/>
  <testcase classname="[6] 3\/4\u002C9\/10\u002C1 13\/20 (testAddFractionWithCSVMethod)(calc.CalculatorParamsLibTest)" name="[6] 3\/4\u002C9\/10\u002C1 13\/20 " time="0"/>
  <testcase classname="[7] 1\/1\u002C1\/1\u002C2 (testAddFractionWithCSVMethod)(calc.CalculatorParamsLibTest)" name="[7] 1\/1\u002C1\/1\u002C2 " time="0"/>
  <testcase classname="[8] 4\/5\u002C6\/10\u002C1 2\/5 (testAddFractionWithCSVMethod)(calc.CalculatorParamsLibTest)" name="[8] 4\/5\u002C6\/10\u002C1 2\/5 " time="0"/>
</testsuite>